<?xml version="1.0" encoding="UTF-8"?>
<!-- Generated by org.testng.reporters.JUnitReportReporter -->
<testsuite skipped="0" hostname="ANDY" name="com.circle.qa.testcases.CircleLoginPageTest" tests="2" failures="0" timestamp="20 May 2018 18:49:31 GMT" time="1.427" errors="0">
  <testcase name="circlepagetitletest" time="0.034" classname="com.circle.qa.testcases.CircleLoginPageTest"/>
  <testcase name="circlelogintest" time="1.393" classname="com.circle.qa.testcases.CircleLoginPageTest"/>
</testsuite> <!-- com.circle.qa.testcases.CircleLoginPageTest -->
