<?xml version="1.0" encoding="UTF-8"?>
<!-- Generated by org.testng.reporters.JUnitReportReporter -->
<testsuite skipped="0" hostname="ANDY" name="com.circle.qa.testcases.CicrleMyaccountpageTest" tests="2" failures="0" timestamp="20 May 2018 07:01:16 GMT" time="6.652" errors="0">
  <testcase name="Emailverifytest" time="0.075" classname="com.circle.qa.testcases.CicrleMyaccountpageTest"/>
  <testcase name="Clickfblinktest" time="6.577" classname="com.circle.qa.testcases.CicrleMyaccountpageTest"/>
</testsuite> <!-- com.circle.qa.testcases.CicrleMyaccountpageTest -->
