<?xml version="1.0" encoding="UTF-8"?>
<!-- Generated by org.testng.reporters.JUnitReportReporter -->
<testsuite skipped="0" hostname="ANDY" name="com.circle.qa.testcases.CircleHomePageTest" tests="2" failures="0" timestamp="20 May 2018 07:01:14 GMT" time="9.586" errors="0">
  <testcase name="Homelinkverifytest" time="3.108" classname="com.circle.qa.testcases.CircleHomePageTest"/>
  <testcase name="Myaccountlinkclicktest" time="6.478" classname="com.circle.qa.testcases.CircleHomePageTest"/>
</testsuite> <!-- com.circle.qa.testcases.CircleHomePageTest -->
