<?xml version="1.0" encoding="UTF-8"?>
<!-- Generated by org.testng.reporters.JUnitReportReporter -->
<testsuite skipped="0" hostname="ANDY" name="com.circle.qa.testcases.CicrleMyaccountpageTest" tests="2" failures="0" timestamp="20 May 2018 18:52:31 GMT" time="6.428" errors="0">
  <testcase name="Emailverifytest" time="0.140" classname="com.circle.qa.testcases.CicrleMyaccountpageTest"/>
  <testcase name="Clickfblinktest" time="6.288" classname="com.circle.qa.testcases.CicrleMyaccountpageTest"/>
</testsuite> <!-- com.circle.qa.testcases.CicrleMyaccountpageTest -->
