<?xml version="1.0" encoding="UTF-8"?>
<!-- Generated by org.testng.reporters.JUnitReportReporter -->
<testsuite skipped="0" hostname="ANDY" name="com.circle.qa.testcases.FbLoginPageTest" tests="2" failures="0" timestamp="20 May 2018 07:01:15 GMT" time="23.489" errors="0">
  <testcase name="fbtitlepagetest" time="8.877" classname="com.circle.qa.testcases.FbLoginPageTest"/>
  <testcase name="Fblogintest" time="14.612" classname="com.circle.qa.testcases.FbLoginPageTest"/>
</testsuite> <!-- com.circle.qa.testcases.FbLoginPageTest -->
